#! /usr/share/iverilog-0.10.0/bin/vvp
:ivl_version "0.10.0 (devel)" "(v0_9_6)";
:ivl_delay_selection "TYPICAL";
:vpi_time_precision - 12;
:vpi_module "system";
:vpi_module "vhdl_sys";
:vpi_module "v2005_math";
:vpi_module "va_math";
:vpi_module "v2009";
S_0x1229e70 .scope module, "Router_TB" "Router_TB" 2 4;
 .timescale -9 -12;
v0x1258440_0 .var "Address", 7 0;
v0x1258570_0 .var "clk", 0 0;
v0x1258630_0 .var "p", 1 0;
v0x1258720_0 .net "port", 1 0, v0x12578b0_0;  1 drivers
v0x1258810_0 .var "reset", 0 0;
v0x1258900_0 .var "setup", 0 0;
S_0x1229ff0 .scope module, "router_DUT" "router" 2 11, 3 4 0, S_0x1229e70;
 .timescale -9 -12;
    .port_info 0 /OUTPUT 2 "Port"
    .port_info 1 /INPUT 2 "p"
    .port_info 2 /INPUT 8 "Address"
    .port_info 3 /INPUT 1 "setup"
    .port_info 4 /INPUT 1 "reset"
    .port_info 5 /INPUT 1 "clk"
v0x1257bf0_0 .net "Address", 7 0, v0x1258440_0;  1 drivers
v0x1257d00_0 .net "Port", 1 0, v0x12578b0_0;  alias, 1 drivers
v0x1257dd0_0 .net "clk", 0 0, v0x1258570_0;  1 drivers
v0x1257ef0_0 .net "found", 0 0, v0x1256db0_0;  1 drivers
v0x1257fe0_0 .net "index", 2 0, v0x1256e70_0;  1 drivers
v0x1258120_0 .net "p", 1 0, v0x1258630_0;  1 drivers
v0x12581c0_0 .net "reset", 0 0, v0x1258810_0;  1 drivers
v0x12582b0_0 .net "setup", 0 0, v0x1258900_0;  1 drivers
S_0x1232790 .scope module, "address_column" "Addresses" 3 15, 3 27 0, S_0x1229ff0;
 .timescale -9 -12;
    .port_info 0 /OUTPUT 1 "found"
    .port_info 1 /OUTPUT 3 "index"
    .port_info 2 /INPUT 8 "address_in"
    .port_info 3 /INPUT 1 "setup"
    .port_info 4 /INPUT 1 "reset"
    .port_info 5 /INPUT 1 "clk"
v0x1232a00 .array "address", 0 7, 7 0;
v0x1237cc0_0 .net "address_in", 7 0, v0x1258440_0;  alias, 1 drivers
v0x1256ce0_0 .net "clk", 0 0, v0x1258570_0;  alias, 1 drivers
v0x1256db0_0 .var "found", 0 0;
v0x1256e70_0 .var "index", 2 0;
v0x1256fa0_0 .net "reset", 0 0, v0x1258810_0;  alias, 1 drivers
v0x1257060_0 .net "setup", 0 0, v0x1258900_0;  alias, 1 drivers
E_0x1228360 .event posedge, v0x1256fa0_0, v0x1256ce0_0;
S_0x1257220 .scope module, "port_column" "Ports" 3 19, 3 79 0, S_0x1229ff0;
 .timescale -9 -12;
    .port_info 0 /OUTPUT 2 "port_out"
    .port_info 1 /INPUT 3 "port_index"
    .port_info 2 /INPUT 2 "p"
    .port_info 3 /INPUT 1 "setup"
    .port_info 4 /INPUT 1 "reset"
    .port_info 5 /INPUT 1 "clk"
    .port_info 6 /INPUT 1 "found"
v0x12574c0_0 .net "clk", 0 0, v0x1258570_0;  alias, 1 drivers
v0x1257560_0 .net "found", 0 0, v0x1256db0_0;  alias, 1 drivers
v0x1257630_0 .net "p", 1 0, v0x1258630_0;  alias, 1 drivers
v0x1257700 .array "port", 0 7, 1 0;
v0x12577a0_0 .net "port_index", 2 0, v0x1256e70_0;  alias, 1 drivers
v0x12578b0_0 .var "port_out", 1 0;
v0x1257970_0 .net "reset", 0 0, v0x1258810_0;  alias, 1 drivers
v0x1257a40_0 .net "setup", 0 0, v0x1258900_0;  alias, 1 drivers
    .scope S_0x1232790;
T_0 ;
    %wait E_0x1228360;
    %load/v 8, v0x1256fa0_0, 1;
    %jmp/0xz  T_0.0, 8;
    %ix/load 3, 0, 0; address
    %ix/load 1, 0, 0; part off
    %ix/load 0, 8, 0; word width
    %assign/av v0x1232a00, 0, 0;
t_0 ;
    %ix/load 3, 0, 0; address
    %ix/load 1, 0, 0; part off
    %ix/load 0, 8, 0; word width
    %assign/av v0x1232a00, 0, 0;
t_1 ;
    %ix/load 3, 2, 0; address
    %ix/load 1, 0, 0; part off
    %ix/load 0, 8, 0; word width
    %assign/av v0x1232a00, 0, 0;
t_2 ;
    %ix/load 3, 3, 0; address
    %ix/load 1, 0, 0; part off
    %ix/load 0, 8, 0; word width
    %assign/av v0x1232a00, 0, 0;
t_3 ;
    %ix/load 3, 4, 0; address
    %ix/load 1, 0, 0; part off
    %ix/load 0, 8, 0; word width
    %assign/av v0x1232a00, 0, 0;
t_4 ;
    %ix/load 3, 5, 0; address
    %ix/load 1, 0, 0; part off
    %ix/load 0, 8, 0; word width
    %assign/av v0x1232a00, 0, 0;
t_5 ;
    %ix/load 3, 6, 0; address
    %ix/load 1, 0, 0; part off
    %ix/load 0, 8, 0; word width
    %assign/av v0x1232a00, 0, 0;
t_6 ;
    %ix/load 3, 7, 0; address
    %ix/load 1, 0, 0; part off
    %ix/load 0, 8, 0; word width
    %assign/av v0x1232a00, 0, 0;
t_7 ;
    %jmp T_0.1;
T_0.0 ;
    %load/v 8, v0x1257060_0, 1;
    %pad 9, 0, 2;
    %cmpi/u 8, 1, 3;
    %jmp/0xz  T_0.2, 4;
    %load/v 8, v0x1237cc0_0, 8;
    %ix/load 3, 0, 0; address
    %ix/load 1, 0, 0; part off
    %ix/load 0, 8, 0; word width
    %assign/av v0x1232a00, 0, 8;
t_8 ;
    %ix/load 3, 0, 0;
    %mov 4, 0, 1;
    %load/av 8, v0x1232a00, 8;
    %ix/load 3, 1, 0; address
    %ix/load 1, 0, 0; part off
    %ix/load 0, 8, 0; word width
    %assign/av v0x1232a00, 0, 8;
t_9 ;
    %ix/load 3, 1, 0;
    %mov 4, 0, 1;
    %load/av 8, v0x1232a00, 8;
    %ix/load 3, 2, 0; address
    %ix/load 1, 0, 0; part off
    %ix/load 0, 8, 0; word width
    %assign/av v0x1232a00, 0, 8;
t_10 ;
    %ix/load 3, 2, 0;
    %mov 4, 0, 1;
    %load/av 8, v0x1232a00, 8;
    %ix/load 3, 3, 0; address
    %ix/load 1, 0, 0; part off
    %ix/load 0, 8, 0; word width
    %assign/av v0x1232a00, 0, 8;
t_11 ;
    %ix/load 3, 3, 0;
    %mov 4, 0, 1;
    %load/av 8, v0x1232a00, 8;
    %ix/load 3, 4, 0; address
    %ix/load 1, 0, 0; part off
    %ix/load 0, 8, 0; word width
    %assign/av v0x1232a00, 0, 8;
t_12 ;
    %ix/load 3, 4, 0;
    %mov 4, 0, 1;
    %load/av 8, v0x1232a00, 8;
    %ix/load 3, 5, 0; address
    %ix/load 1, 0, 0; part off
    %ix/load 0, 8, 0; word width
    %assign/av v0x1232a00, 0, 8;
t_13 ;
    %ix/load 3, 5, 0;
    %mov 4, 0, 1;
    %load/av 8, v0x1232a00, 8;
    %ix/load 3, 6, 0; address
    %ix/load 1, 0, 0; part off
    %ix/load 0, 8, 0; word width
    %assign/av v0x1232a00, 0, 8;
t_14 ;
    %ix/load 3, 6, 0;
    %mov 4, 0, 1;
    %load/av 8, v0x1232a00, 8;
    %ix/load 3, 7, 0; address
    %ix/load 1, 0, 0; part off
    %ix/load 0, 8, 0; word width
    %assign/av v0x1232a00, 0, 8;
t_15 ;
    %jmp T_0.3;
T_0.2 ;
    %load/v 8, v0x1237cc0_0, 8;
    %ix/load 3, 0, 0;
    %mov 4, 0, 1;
    %load/av 16, v0x1232a00, 8;
    %cmp/u 8, 16, 8;
    %jmp/1 T_0.4, 6;
    %ix/load 3, 1, 0;
    %mov 4, 0, 1;
    %load/av 16, v0x1232a00, 8;
    %cmp/u 8, 16, 8;
    %jmp/1 T_0.5, 6;
    %ix/load 3, 2, 0;
    %mov 4, 0, 1;
    %load/av 16, v0x1232a00, 8;
    %cmp/u 8, 16, 8;
    %jmp/1 T_0.6, 6;
    %ix/load 3, 3, 0;
    %mov 4, 0, 1;
    %load/av 16, v0x1232a00, 8;
    %cmp/u 8, 16, 8;
    %jmp/1 T_0.7, 6;
    %ix/load 3, 4, 0;
    %mov 4, 0, 1;
    %load/av 16, v0x1232a00, 8;
    %cmp/u 8, 16, 8;
    %jmp/1 T_0.8, 6;
    %ix/load 3, 5, 0;
    %mov 4, 0, 1;
    %load/av 16, v0x1232a00, 8;
    %cmp/u 8, 16, 8;
    %jmp/1 T_0.9, 6;
    %ix/load 3, 6, 0;
    %mov 4, 0, 1;
    %load/av 16, v0x1232a00, 8;
    %cmp/u 8, 16, 8;
    %jmp/1 T_0.10, 6;
    %ix/load 3, 7, 0;
    %mov 4, 0, 1;
    %load/av 16, v0x1232a00, 8;
    %cmp/u 8, 16, 8;
    %jmp/1 T_0.11, 6;
    %ix/load 0, 3, 0;
    %assign/v0 v0x1256e70_0, 0, 0;
    %ix/load 0, 1, 0;
    %assign/v0 v0x1256db0_0, 0, 0;
    %jmp T_0.13;
T_0.4 ;
    %ix/load 0, 3, 0;
    %assign/v0 v0x1256e70_0, 0, 0;
    %ix/load 0, 1, 0;
    %assign/v0 v0x1256db0_0, 0, 1;
    %jmp T_0.13;
T_0.5 ;
    %movi 8, 1, 3;
    %ix/load 0, 3, 0;
    %assign/v0 v0x1256e70_0, 0, 8;
    %ix/load 0, 1, 0;
    %assign/v0 v0x1256db0_0, 0, 1;
    %jmp T_0.13;
T_0.6 ;
    %movi 8, 2, 3;
    %ix/load 0, 3, 0;
    %assign/v0 v0x1256e70_0, 0, 8;
    %ix/load 0, 1, 0;
    %assign/v0 v0x1256db0_0, 0, 1;
    %jmp T_0.13;
T_0.7 ;
    %movi 8, 3, 3;
    %ix/load 0, 3, 0;
    %assign/v0 v0x1256e70_0, 0, 8;
    %ix/load 0, 1, 0;
    %assign/v0 v0x1256db0_0, 0, 1;
    %jmp T_0.13;
T_0.8 ;
    %movi 8, 4, 3;
    %ix/load 0, 3, 0;
    %assign/v0 v0x1256e70_0, 0, 8;
    %ix/load 0, 1, 0;
    %assign/v0 v0x1256db0_0, 0, 1;
    %jmp T_0.13;
T_0.9 ;
    %movi 8, 5, 3;
    %ix/load 0, 3, 0;
    %assign/v0 v0x1256e70_0, 0, 8;
    %ix/load 0, 1, 0;
    %assign/v0 v0x1256db0_0, 0, 1;
    %jmp T_0.13;
T_0.10 ;
    %movi 8, 6, 3;
    %ix/load 0, 3, 0;
    %assign/v0 v0x1256e70_0, 0, 8;
    %ix/load 0, 1, 0;
    %assign/v0 v0x1256db0_0, 0, 1;
    %jmp T_0.13;
T_0.11 ;
    %ix/load 0, 3, 0;
    %assign/v0 v0x1256e70_0, 0, 1;
    %ix/load 0, 1, 0;
    %assign/v0 v0x1256db0_0, 0, 1;
    %jmp T_0.13;
T_0.13 ;
T_0.3 ;
T_0.1 ;
    %jmp T_0;
    .thread T_0;
    .scope S_0x1257220;
T_1 ;
    %wait E_0x1228360;
    %load/v 8, v0x1257970_0, 1;
    %jmp/0xz  T_1.0, 8;
    %ix/load 3, 0, 0; address
    %ix/load 1, 0, 0; part off
    %ix/load 0, 2, 0; word width
    %assign/av v0x1257700, 0, 0;
t_16 ;
    %ix/load 3, 1, 0; address
    %ix/load 1, 0, 0; part off
    %ix/load 0, 2, 0; word width
    %assign/av v0x1257700, 0, 0;
t_17 ;
    %ix/load 3, 2, 0; address
    %ix/load 1, 0, 0; part off
    %ix/load 0, 2, 0; word width
    %assign/av v0x1257700, 0, 0;
t_18 ;
    %ix/load 3, 3, 0; address
    %ix/load 1, 0, 0; part off
    %ix/load 0, 2, 0; word width
    %assign/av v0x1257700, 0, 0;
t_19 ;
    %ix/load 3, 4, 0; address
    %ix/load 1, 0, 0; part off
    %ix/load 0, 2, 0; word width
    %assign/av v0x1257700, 0, 0;
t_20 ;
    %ix/load 3, 5, 0; address
    %ix/load 1, 0, 0; part off
    %ix/load 0, 2, 0; word width
    %assign/av v0x1257700, 0, 0;
t_21 ;
    %ix/load 3, 6, 0; address
    %ix/load 1, 0, 0; part off
    %ix/load 0, 2, 0; word width
    %assign/av v0x1257700, 0, 0;
t_22 ;
    %ix/load 3, 7, 0; address
    %ix/load 1, 0, 0; part off
    %ix/load 0, 2, 0; word width
    %assign/av v0x1257700, 0, 0;
t_23 ;
    %jmp T_1.1;
T_1.0 ;
    %load/v 8, v0x1257a40_0, 1;
    %pad 9, 0, 2;
    %cmpi/u 8, 1, 3;
    %jmp/0xz  T_1.2, 4;
    %load/v 8, v0x1257630_0, 2;
    %ix/load 3, 0, 0; address
    %ix/load 1, 0, 0; part off
    %ix/load 0, 2, 0; word width
    %assign/av v0x1257700, 0, 8;
t_24 ;
    %ix/load 3, 0, 0;
    %mov 4, 0, 1;
    %load/av 8, v0x1257700, 2;
    %ix/load 3, 1, 0; address
    %ix/load 1, 0, 0; part off
    %ix/load 0, 2, 0; word width
    %assign/av v0x1257700, 0, 8;
t_25 ;
    %ix/load 3, 1, 0;
    %mov 4, 0, 1;
    %load/av 8, v0x1257700, 2;
    %ix/load 3, 2, 0; address
    %ix/load 1, 0, 0; part off
    %ix/load 0, 2, 0; word width
    %assign/av v0x1257700, 0, 8;
t_26 ;
    %ix/load 3, 2, 0;
    %mov 4, 0, 1;
    %load/av 8, v0x1257700, 2;
    %ix/load 3, 3, 0; address
    %ix/load 1, 0, 0; part off
    %ix/load 0, 2, 0; word width
    %assign/av v0x1257700, 0, 8;
t_27 ;
    %ix/load 3, 3, 0;
    %mov 4, 0, 1;
    %load/av 8, v0x1257700, 2;
    %ix/load 3, 4, 0; address
    %ix/load 1, 0, 0; part off
    %ix/load 0, 2, 0; word width
    %assign/av v0x1257700, 0, 8;
t_28 ;
    %ix/load 3, 4, 0;
    %mov 4, 0, 1;
    %load/av 8, v0x1257700, 2;
    %ix/load 3, 5, 0; address
    %ix/load 1, 0, 0; part off
    %ix/load 0, 2, 0; word width
    %assign/av v0x1257700, 0, 8;
t_29 ;
    %ix/load 3, 5, 0;
    %mov 4, 0, 1;
    %load/av 8, v0x1257700, 2;
    %ix/load 3, 6, 0; address
    %ix/load 1, 0, 0; part off
    %ix/load 0, 2, 0; word width
    %assign/av v0x1257700, 0, 8;
t_30 ;
    %ix/load 3, 6, 0;
    %mov 4, 0, 1;
    %load/av 8, v0x1257700, 2;
    %ix/load 3, 7, 0; address
    %ix/load 1, 0, 0; part off
    %ix/load 0, 2, 0; word width
    %assign/av v0x1257700, 0, 8;
t_31 ;
    %jmp T_1.3;
T_1.2 ;
    %load/v 8, v0x1257560_0, 1;
    %pad 9, 0, 2;
    %cmpi/u 8, 1, 3;
    %jmp/0xz  T_1.4, 4;
    %load/v 10, v0x12577a0_0, 3;
    %pad 13, 0, 2;
    %ix/get 3, 10, 5;
    %load/av 8, v0x1257700, 2;
    %ix/load 0, 2, 0;
    %assign/v0 v0x12578b0_0, 0, 8;
    %jmp T_1.5;
T_1.4 ;
    %ix/load 0, 2, 0;
    %assign/v0 v0x12578b0_0, 0, 0;
T_1.5 ;
T_1.3 ;
T_1.1 ;
    %jmp T_1;
    .thread T_1;
    .scope S_0x1229e70;
T_2 ;
    %vpi_call/w 2 17 "$dumpfile", "dump.vcd" {0 0};
    %vpi_call/w 2 17 "$dumpvars" {0 0};
    %end;
    .thread T_2;
    .scope S_0x1229e70;
T_3 ;
    %set/v v0x1258570_0, 0, 1;
T_3.0 ;
    %delay 5000, 0;
    %load/v 8, v0x1258570_0, 1;
    %inv 8, 1;
    %set/v v0x1258570_0, 8, 1;
    %jmp T_3.0;
    %end;
    .thread T_3;
    .scope S_0x1229e70;
T_4 ;
    %set/v v0x1258810_0, 0, 1;
    %set/v v0x1258900_0, 1, 1;
    %movi 8, 42, 8;
    %set/v v0x1258440_0, 8, 8;
    %movi 8, 2, 2;
    %set/v v0x1258630_0, 8, 2;
    %delay 10000, 0;
    %movi 8, 220, 8;
    %set/v v0x1258440_0, 8, 8;
    %set/v v0x1258630_0, 0, 2;
    %delay 10000, 0;
    %movi 8, 249, 8;
    %set/v v0x1258440_0, 8, 8;
    %movi 8, 1, 2;
    %set/v v0x1258630_0, 8, 2;
    %delay 10000, 0;
    %movi 8, 41, 8;
    %set/v v0x1258440_0, 8, 8;
    %movi 8, 1, 2;
    %set/v v0x1258630_0, 8, 2;
    %delay 10000, 0;
    %movi 8, 198, 8;
    %set/v v0x1258440_0, 8, 8;
    %movi 8, 2, 2;
    %set/v v0x1258630_0, 8, 2;
    %delay 10000, 0;
    %movi 8, 219, 8;
    %set/v v0x1258440_0, 8, 8;
    %set/v v0x1258630_0, 1, 2;
    %delay 10000, 0;
    %movi 8, 147, 8;
    %set/v v0x1258440_0, 8, 8;
    %set/v v0x1258630_0, 0, 2;
    %delay 10000, 0;
    %movi 8, 170, 8;
    %set/v v0x1258440_0, 8, 8;
    %movi 8, 2, 2;
    %set/v v0x1258630_0, 8, 2;
    %delay 11000, 0;
    %set/v v0x1258900_0, 0, 1;
    %movi 8, 219, 8;
    %set/v v0x1258440_0, 8, 8;
    %delay 10000, 0;
    %movi 8, 119, 8;
    %set/v v0x1258440_0, 8, 8;
    %delay 13000, 0;
    %movi 8, 198, 8;
    %set/v v0x1258440_0, 8, 8;
    %delay 17000, 0;
    %set/v v0x1258810_0, 1, 1;
    %delay 20000, 0;
    %vpi_call/w 2 43 "$finish" {0 0};
    %end;
    .thread T_4;
# The file index is used to find the file name in the following table.
:file_names 4;
    "N/A";
    "<interactive>";
    "testbench.sv";
    "design.sv";
